# JRE version: OpenJDK Runtime Environment (8.0_242-b01) (build 1.8.0_242-release-1644-b01)
# Java VM: OpenJDK 64-Bit Server VM (25.242-b01 mixed mode windows-amd64 compressed oops)
Heap:
 PSYoungGen      total 484352K, used 470210K [0x00000000d5580000, 0x0000000100000000, 0x0000000100000000)
  eden space 377856K, 96% used [0x00000000d5580000,0x00000000eb8c99a8,0x00000000ec680000)
  from space 106496K, 99% used [0x00000000ec680000,0x00000000f2e67108,0x00000000f2e80000)
  to   space 164864K, 0% used [0x00000000f5f00000,0x00000000f5f00000,0x0000000100000000)
 ParOldGen       total 396800K, used 86013K [0x0000000080000000, 0x0000000098380000, 0x00000000d5580000)
  object space 396800K, 21% used [0x0000000080000000,0x00000000853ff7d8,0x0000000098380000)
 Metaspace       used 200067K, capacity 207355K, committed 207640K, reserved 1232896K
  class space    used 23824K, capacity 25096K, committed 25136K, reserved 1048576K
GC Heap History (10 events):
Event: 13111.604 GC heap before
{Heap before GC invocations=49 (full 8):
 PSYoungGen      total 517120K, used 358912K [0x00000000d5580000, 0x00000000fee00000, 0x0000000100000000)
  eden space 358912K, 100% used [0x00000000d5580000,0x00000000eb400000,0x00000000eb400000)
  from space 158208K, 0% used [0x00000000f5380000,0x00000000f5380000,0x00000000fee00000)
  to   space 160768K, 0% used [0x00000000eb400000,0x00000000eb400000,0x00000000f5100000)
 ParOldGen       total 396800K, used 78983K [0x0000000080000000, 0x0000000098380000, 0x00000000d5580000)
  object space 396800K, 19% used [0x0000000080000000,0x0000000084d21cc0,0x0000000098380000)
 Metaspace       used 173998K, capacity 180733K, committed 181400K, reserved 1208320K
  class space    used 20895K, capacity 22064K, committed 22192K, reserved 1048576K
Event: 13111.638 GC heap after
Heap after GC invocations=49 (full 8):
 PSYoungGen      total 519680K, used 28350K [0x00000000d5580000, 0x00000000ff680000, 0x0000000100000000)
  eden space 358912K, 0% used [0x00000000d5580000,0x00000000d5580000,0x00000000eb400000)
  from space 160768K, 17% used [0x00000000eb400000,0x00000000ecfafb20,0x00000000f5100000)
  to   space 154624K, 0% used [0x00000000f5f80000,0x00000000f5f80000,0x00000000ff680000)
 ParOldGen       total 396800K, used 78991K [0x0000000080000000, 0x0000000098380000, 0x00000000d5580000)
  object space 396800K, 19% used [0x0000000080000000,0x0000000084d23cc0,0x0000000098380000)
 Metaspace       used 173998K, capacity 180733K, committed 181400K, reserved 1208320K
  class space    used 20895K, capacity 22064K, committed 22192K, reserved 1048576K
}
Event: 13118.821 GC heap before
{Heap before GC invocations=50 (full 8):
 PSYoungGen      total 519680K, used 387262K [0x00000000d5580000, 0x00000000ff680000, 0x0000000100000000)
  eden space 358912K, 100% used [0x00000000d5580000,0x00000000eb400000,0x00000000eb400000)
  from space 160768K, 17% used [0x00000000eb400000,0x00000000ecfafb20,0x00000000f5100000)
  to   space 154624K, 0% used [0x00000000f5f80000,0x00000000f5f80000,0x00000000ff680000)
 ParOldGen       total 396800K, used 78991K [0x0000000080000000, 0x0000000098380000, 0x00000000d5580000)
  object space 396800K, 19% used [0x0000000080000000,0x0000000084d23cc0,0x0000000098380000)
 Metaspace       used 183541K, capacity 190285K, committed 190872K, reserved 1216512K
  class space    used 21969K, capacity 23129K, committed 23216K, reserved 1048576K
Event: 13118.934 GC heap after
Heap after GC invocations=50 (full 8):
 PSYoungGen      total 526336K, used 38728K [0x00000000d5580000, 0x00000000feb00000, 0x0000000100000000)
  eden space 383488K, 0% used [0x00000000d5580000,0x00000000d5580000,0x00000000ecc00000)
  from space 142848K, 27% used [0x00000000f5f80000,0x00000000f8552198,0x00000000feb00000)
  to   space 146944K, 0% used [0x00000000ecc00000,0x00000000ecc00000,0x00000000f5b80000)
 ParOldGen       total 396800K, used 78999K [0x0000000080000000, 0x0000000098380000, 0x00000000d5580000)
  object space 396800K, 19% used [0x0000000080000000,0x0000000084d25cc0,0x0000000098380000)
 Metaspace       used 183541K, capacity 190285K, committed 190872K, reserved 1216512K
  class space    used 21969K, capacity 23129K, committed 23216K, reserved 1048576K
}
Event: 13121.305 GC heap before
{Heap before GC invocations=51 (full 8):
 PSYoungGen      total 526336K, used 422216K [0x00000000d5580000, 0x00000000feb00000, 0x0000000100000000)
  eden space 383488K, 100% used [0x00000000d5580000,0x00000000ecc00000,0x00000000ecc00000)
  from space 142848K, 27% used [0x00000000f5f80000,0x00000000f8552198,0x00000000feb00000)
  to   space 146944K, 0% used [0x00000000ecc00000,0x00000000ecc00000,0x00000000f5b80000)
 ParOldGen       total 396800K, used 78999K [0x0000000080000000, 0x0000000098380000, 0x00000000d5580000)
  object space 396800K, 19% used [0x0000000080000000,0x0000000084d25cc0,0x0000000098380000)
 Metaspace       used 183574K, capacity 190297K, committed 190872K, reserved 1216512K
  class space    used 21970K, capacity 23131K, committed 23216K, reserved 1048576K
Event: 13121.615 GC heap after
Heap after GC invocations=51 (full 8):
 PSYoungGen      total 530432K, used 124806K [0x00000000d5580000, 0x0000000100000000, 0x0000000100000000)
  eden space 383488K, 0% used [0x00000000d5580000,0x00000000d5580000,0x00000000ecc00000)
  from space 146944K, 84% used [0x00000000ecc00000,0x00000000f45e1b48,0x00000000f5b80000)
  to   space 164352K, 0% used [0x00000000f5f80000,0x00000000f5f80000,0x0000000100000000)
 ParOldGen       total 396800K, used 79007K [0x0000000080000000, 0x0000000098380000, 0x00000000d5580000)
  object space 396800K, 19% used [0x0000000080000000,0x0000000084d27cc0,0x0000000098380000)
 Metaspace       used 183574K, capacity 190297K, committed 190872K, reserved 1216512K
  class space    used 21970K, capacity 23131K, committed 23216K, reserved 1048576K
}
Event: 13228.042 GC heap before
{Heap before GC invocations=52 (full 8):
 PSYoungGen      total 530432K, used 508294K [0x00000000d5580000, 0x0000000100000000, 0x0000000100000000)
  eden space 383488K, 100% used [0x00000000d5580000,0x00000000ecc00000,0x00000000ecc00000)
  from space 146944K, 84% used [0x00000000ecc00000,0x00000000f45e1b48,0x00000000f5b80000)
  to   space 164352K, 0% used [0x00000000f5f80000,0x00000000f5f80000,0x0000000100000000)
 ParOldGen       total 396800K, used 79007K [0x0000000080000000, 0x0000000098380000, 0x00000000d5580000)
  object space 396800K, 19% used [0x0000000080000000,0x0000000084d27cc0,0x0000000098380000)
 Metaspace       used 191113K, capacity 197847K, committed 198424K, reserved 1224704K
  class space    used 22821K, capacity 24016K, committed 24112K, reserved 1048576K
Event: 13228.116 GC heap after
Heap after GC invocations=52 (full 8):
 PSYoungGen      total 542208K, used 43454K [0x00000000d5580000, 0x0000000100000000, 0x0000000100000000)
  eden space 377856K, 0% used [0x00000000d5580000,0x00000000d5580000,0x00000000ec680000)
  from space 164352K, 26% used [0x00000000f5f80000,0x00000000f89efbd0,0x0000000100000000)
  to   space 156672K, 0% used [0x00000000ec680000,0x00000000ec680000,0x00000000f5f80000)
 ParOldGen       total 396800K, used 84067K [0x0000000080000000, 0x0000000098380000, 0x00000000d5580000)
  object space 396800K, 21% used [0x0000000080000000,0x0000000085218cf0,0x0000000098380000)
 Metaspace       used 191113K, capacity 197847K, committed 198424K, reserved 1224704K
  class space    used 22821K, capacity 24016K, committed 24112K, reserved 1048576K
}
Event: 13232.799 GC heap before
{Heap before GC invocations=53 (full 8):
 PSYoungGen      total 542208K, used 421152K [0x00000000d5580000, 0x0000000100000000, 0x0000000100000000)
  eden space 377856K, 99% used [0x00000000d5580000,0x00000000ec658668,0x00000000ec680000)
  from space 164352K, 26% used [0x00000000f5f80000,0x00000000f89efbd0,0x0000000100000000)
  to   space 156672K, 0% used [0x00000000ec680000,0x00000000ec680000,0x00000000f5f80000)
 ParOldGen       total 396800K, used 84067K [0x0000000080000000, 0x0000000098380000, 0x00000000d5580000)
  object space 396800K, 21% used [0x0000000080000000,0x0000000085218cf0,0x0000000098380000)
 Metaspace       used 194294K, capacity 201107K, committed 201496K, reserved 1226752K
  class space    used 23140K, capacity 24308K, committed 24368K, reserved 1048576K
Event: 13232.993 GC heap after
Heap after GC invocations=53 (full 8):
 PSYoungGen      total 484352K, used 106396K [0x00000000d5580000, 0x0000000100000000, 0x0000000100000000)
  eden space 377856K, 0% used [0x00000000d5580000,0x00000000d5580000,0x00000000ec680000)
  from space 106496K, 99% used [0x00000000ec680000,0x00000000f2e67108,0x00000000f2e80000)
  to   space 164864K, 0% used [0x00000000f5f00000,0x00000000f5f00000,0x0000000100000000)
 ParOldGen       total 396800K, used 86013K [0x0000000080000000, 0x0000000098380000, 0x00000000d5580000)
  object space 396800K, 21% used [0x0000000080000000,0x00000000853ff7d8,0x0000000098380000)
 Metaspace       used 194294K, capacity 201107K, committed 201496K, reserved 1226752K
  class space    used 23140K, capacity 24308K, committed 24368K, reserved 1048576K
}

